{"code":"28000","file":"miscinit.c","length":96,"level":"error","line":"710","name":"error","routine":"InitializeSessionUserId","severity":"FATAL"}
{"code":"28000","file":"miscinit.c","length":96,"level":"error","line":"710","name":"error","routine":"InitializeSessionUserId","severity":"FATAL"}
{"code":"28000","file":"miscinit.c","length":96,"level":"error","line":"710","name":"error","routine":"InitializeSessionUserId","severity":"FATAL"}
{"code":"28000","file":"miscinit.c","length":96,"level":"error","line":"710","name":"error","routine":"InitializeSessionUserId","severity":"FATAL"}
{"code":"28000","file":"miscinit.c","length":96,"level":"error","line":"710","name":"error","routine":"InitializeSessionUserId","severity":"FATAL"}
{"code":"28000","file":"miscinit.c","length":96,"level":"error","line":"710","name":"error","routine":"InitializeSessionUserId","severity":"FATAL"}
{"code":"28000","file":"miscinit.c","length":96,"level":"error","line":"710","name":"error","routine":"InitializeSessionUserId","severity":"FATAL"}
{"code":"28000","file":"miscinit.c","length":96,"level":"error","line":"710","name":"error","routine":"InitializeSessionUserId","severity":"FATAL"}
{"code":"28000","file":"miscinit.c","length":96,"level":"error","line":"710","name":"error","routine":"InitializeSessionUserId","severity":"FATAL"}
{"code":"28000","file":"miscinit.c","length":96,"level":"error","line":"710","name":"error","routine":"InitializeSessionUserId","severity":"FATAL"}
{"code":"28000","file":"miscinit.c","length":96,"level":"error","line":"710","name":"error","routine":"InitializeSessionUserId","severity":"FATAL"}
{"code":"28000","file":"miscinit.c","length":96,"level":"error","line":"710","name":"error","routine":"InitializeSessionUserId","severity":"FATAL"}
{"code":"42703","file":"parse_relation.c","hint":"Perhaps you meant to reference the column \"stateLogs.vehicleId\".","length":175,"level":"error","line":"3638","name":"error","position":"50","routine":"errorMissingColumn","severity":"ERROR"}
{"code":"42703","file":"parse_relation.c","hint":"Perhaps you meant to reference the column \"stateLogs.vehicleId\".","length":175,"level":"error","line":"3638","name":"error","position":"50","routine":"errorMissingColumn","severity":"ERROR"}
{"code":"42703","file":"parse_relation.c","hint":"Perhaps you meant to reference the column \"stateLogs.vehicleId\".","length":175,"level":"error","line":"3638","name":"error","position":"50","routine":"errorMissingColumn","severity":"ERROR"}
{"code":"42703","file":"parse_relation.c","hint":"Perhaps you meant to reference the column \"stateLogs.vehicleId\".","length":175,"level":"error","line":"3638","name":"error","position":"50","routine":"errorMissingColumn","severity":"ERROR"}
{"code":"42P01","file":"parse_relation.c","length":120,"level":"error","line":"3590","name":"error","position":"50","routine":"errorMissingRTE","severity":"ERROR"}
{"code":"42P01","file":"parse_relation.c","length":120,"level":"error","line":"3590","name":"error","position":"50","routine":"errorMissingRTE","severity":"ERROR"}
{"code":"42601","file":"scan.l","length":100,"level":"error","line":"1176","name":"error","position":"28","routine":"scanner_yyerror","severity":"ERROR"}
{"code":"42601","file":"scan.l","length":100,"level":"error","line":"1176","name":"error","position":"28","routine":"scanner_yyerror","severity":"ERROR"}
{"code":"42P01","file":"parse_relation.c","length":108,"level":"error","line":"1381","name":"error","position":"28","routine":"parserOpenTable","severity":"ERROR"}
{"code":"42P01","file":"parse_relation.c","length":108,"level":"error","line":"1381","name":"error","position":"28","routine":"parserOpenTable","severity":"ERROR"}
{"level":"error"}
{"level":"error"}
{"level":"error"}
{"level":"error"}
{"level":"error"}
{"level":"error"}
{"level":"error"}
{"level":"error"}
{"level":"error"}
{"level":"error"}
{"level":"error"}
{"level":"error"}
